<?xml version="1.0" encoding="utf-8"?><testsuites name="pytest tests"><testsuite name="pytest" errors="0" failures="0" skipped="0" tests="8" time="0.741" timestamp="2026-05-03T16:03:47.733479+00:00" hostname="agent-env-53db7e79-6d72-477a-bd03-4c3667dae30a"><testcase classname="backend.tests.test_dataos_api.TestRoot" name="test_root_status_and_payload" time="0.174" /><testcase classname="backend.tests.test_dataos_api.TestRoot" name="test_health" time="0.056" /><testcase classname="backend.tests.test_dataos_api.TestLeads" name="test_create_lead_minimal" time="0.071" /><testcase classname="backend.tests.test_dataos_api.TestLeads" name="test_create_lead_full_then_listed" time="0.122" /><testcase classname="backend.tests.test_dataos_api.TestLeads" name="test_create_lead_missing_email_returns_422" time="0.057" /><testcase classname="backend.tests.test_dataos_api.TestLeads" name="test_create_lead_invalid_email_returns_422" time="0.055" /><testcase classname="backend.tests.test_dataos_api.TestLeads" name="test_create_lead_missing_name_returns_422" time="0.065" /><testcase classname="backend.tests.test_dataos_api.TestLeads" name="test_list_leads_limit" time="0.067" /></testsuite></testsuites>